<?xml version="1.0" encoding="UTF-8"?>
<testsuite name="Registrar un usuario" tests="1" skipped="0" failures="1" errors="0" timestamp="2020-11-19T23:21:36" hostname="DESKTOP-MVLU5O0" time="70.084">
  <properties/>
  <testcase name="registrar usuario en Utest" classname="Registrar un usuario" time="70.084">
    <failure message="java.lang.NullPointerException" type="java.lang.NullPointerException">java.lang.NullPointerException
	at org.apache.commons.lang3.SystemUtils.isJavaVersionAtLeast(SystemUtils.java:1654)
	at org.apache.commons.lang3.ClassUtils.isAssignable(ClassUtils.java:760)
	at net.thucydides.core.steps.StepFactory$ParameterAssignementChecker.cannotBeAssignedTo(StepFactory.java:332)
	at net.thucydides.core.steps.StepFactory.parametersMatchFor(StepFactory.java:242)
	at net.thucydides.core.steps.StepFactory.argumentTypesFrom(StepFactory.java:218)
	at net.thucydides.core.steps.StepFactory.immutableStepLibrary(StepFactory.java:212)
	at net.thucydides.core.steps.StepFactory.createProxyStepLibrary(StepFactory.java:203)
	at net.thucydides.core.steps.StepFactory.instantiateUniqueStepLibraryFor(StepFactory.java:179)
	at net.thucydides.core.steps.StepFactory.getUniqueStepLibraryFor(StepFactory.java:115)
	at net.serenitybdd.screenplay.Tasks.instrumented(Tasks.java:12)
	at net.serenitybdd.screenplay.actions.Click.on(Click.java:18)
	at utest.certificacion.task.RegistroUsuario.performAs(RegistroUsuario.java:14)
	at utest.certificacion.task.RegistroUsuario$$EnhancerByCGLIB$$c22da4d8.CGLIB$performAs$0(&lt;generated&gt;)
	at utest.certificacion.task.RegistroUsuario$$EnhancerByCGLIB$$c22da4d8$$FastClassByCGLIB$$496510d2.invoke(&lt;generated&gt;)
	at net.sf.cglib.proxy.MethodProxy.invokeSuper(MethodProxy.java:228)
	at net.thucydides.core.steps.BaseMethodRunner.invokeMethod(BaseMethodRunner.java:10)
	at net.thucydides.core.steps.NormalMethodRunner.invokeMethodAndNotifyFailures(NormalMethodRunner.java:20)
	at net.thucydides.core.steps.StepInterceptor.runNormalMethod(StepInterceptor.java:361)
	at net.thucydides.core.steps.StepInterceptor.testStepResult(StepInterceptor.java:132)
	at net.thucydides.core.steps.StepInterceptor.intercept(StepInterceptor.java:68)
	at utest.certificacion.task.RegistroUsuario$$EnhancerByCGLIB$$c22da4d8.performAs(&lt;generated&gt;)
	at net.serenitybdd.screenplay.Actor.perform(Actor.java:106)
	at net.serenitybdd.screenplay.Actor.attemptsTo(Actor.java:90)
	at net.serenitybdd.screenplay.Actor.wasAbleTo(Actor.java:84)
	at utest.certificacion.stepdefinitions.UtestStepDefinition.lleno_los_formularios(UtestStepDefinition.java:35)
	at ✽.lleno los formularios(src/test/resources/features/registro/Registro_usuario.feature:7)
</failure>
  </testcase>
  <system-out><![CDATA[]]></system-out>
  <system-err><![CDATA[Starting ChromeDriver 86.0.4240.22 (398b0743353ff36fb1b82468f63a3a93b4e2e89e-refs/branch-heads/4240@{#378}) on port 34764
Only local connections are allowed.
Please see https://chromedriver.chromium.org/security-considerations for suggestions on keeping ChromeDriver safe.
ChromeDriver was started successfully.
nov. 19, 2020 6:21:40 P. M. org.openqa.selenium.remote.ProtocolHandshake createSession
INFO: Detected dialect: W3C
]]></system-err>
</testsuite>
