<?xml version="1.0" encoding="UTF-8"?><testsuite errors="1" failures="0" name="Registrar un usuario" skipped="0" tests="1" time="70.4" timestamp="2020-11-19 06:21:36"><testcase name="registrar usuario en Utest"><error type="java.lang.NullPointerException"/><system-err>null&#13;
org.apache.commons.lang3.SystemUtils.isJavaVersionAtLeast(SystemUtils.java:1654)&#13;
org.apache.commons.lang3.ClassUtils.isAssignable(ClassUtils.java:760)&#13;
utest.certificacion.task.RegistroUsuario.performAs(RegistroUsuario.java:14)&#13;
utest.certificacion.stepdefinitions.UtestStepDefinition.lleno_los_formularios(UtestStepDefinition.java:35)&#13;
java.base/jdk.internal.reflect.NativeMethodAccessorImpl.invoke0(Native Method)&#13;
java.base/jdk.internal.reflect.NativeMethodAccessorImpl.invoke(NativeMethodAccessorImpl.java:62)&#13;
java.base/jdk.internal.reflect.DelegatingMethodAccessorImpl.invoke(DelegatingMethodAccessorImpl.java:43)&#13;
cucumber.runner.Runner.runPickle(Runner.java:80)&#13;
java.base/jdk.internal.reflect.NativeMethodAccessorImpl.invoke0(Native Method)&#13;
java.base/jdk.internal.reflect.NativeMethodAccessorImpl.invoke(NativeMethodAccessorImpl.java:62)&#13;
java.base/jdk.internal.reflect.DelegatingMethodAccessorImpl.invoke(DelegatingMethodAccessorImpl.java:43)&#13;
java.base/jdk.internal.reflect.NativeMethodAccessorImpl.invoke0(Native Method)&#13;
java.base/jdk.internal.reflect.NativeMethodAccessorImpl.invoke(NativeMethodAccessorImpl.java:62)&#13;
java.base/jdk.internal.reflect.DelegatingMethodAccessorImpl.invoke(DelegatingMethodAccessorImpl.java:43)&#13;
</system-err></testcase></testsuite>